<?xml version="1.0" encoding="UTF-8"?>
<coverage generated="1671821571142" clover="3.2.0">
  <project timestamp="1671821571143" name="All files">
    <metrics statements="111" coveredstatements="65" conditionals="53" coveredconditionals="21" methods="42" coveredmethods="16" elements="206" coveredelements="102" complexity="0" loc="111" ncloc="111" packages="13" files="15" classes="15"/>
    <package name="src">
      <metrics statements="1" coveredstatements="0" conditionals="0" coveredconditionals="0" methods="1" coveredmethods="0"/>
      <file name="App.js" path="/Users/anjalibhavsar/Documents/SingtelAssignment/singtel_react/src/App.js">
        <metrics statements="1" coveredstatements="0" conditionals="0" coveredconditionals="0" methods="1" coveredmethods="0"/>
        <line num="7" count="0" type="stmt"/>
      </file>
    </package>
    <package name="src.components">
      <metrics statements="0" coveredstatements="0" conditionals="0" coveredconditionals="0" methods="0" coveredmethods="0"/>
      <file name="index.js" path="/Users/anjalibhavsar/Documents/SingtelAssignment/singtel_react/src/components/index.js">
        <metrics statements="0" coveredstatements="0" conditionals="0" coveredconditionals="0" methods="0" coveredmethods="0"/>
      </file>
    </package>
    <package name="src.components.dogList">
      <metrics statements="6" coveredstatements="6" conditionals="3" coveredconditionals="2" methods="3" coveredmethods="3"/>
      <file name="index.js" path="/Users/anjalibhavsar/Documents/SingtelAssignment/singtel_react/src/components/dogList/index.js">
        <metrics statements="6" coveredstatements="6" conditionals="3" coveredconditionals="2" methods="3" coveredmethods="3"/>
        <line num="8" count="4" type="cond" truecount="0" falsecount="1"/>
        <line num="9" count="3" type="stmt"/>
        <line num="16" count="3" type="stmt"/>
        <line num="17" count="2" type="stmt"/>
        <line num="20" count="3" type="stmt"/>
        <line num="28" count="4" type="stmt"/>
      </file>
    </package>
    <package name="src.components.dogListItem">
      <metrics statements="4" coveredstatements="4" conditionals="5" coveredconditionals="3" methods="1" coveredmethods="1"/>
      <file name="index.js" path="/Users/anjalibhavsar/Documents/SingtelAssignment/singtel_react/src/components/dogListItem/index.js">
        <metrics statements="4" coveredstatements="4" conditionals="5" coveredconditionals="3" methods="1" coveredmethods="1"/>
        <line num="5" count="5" type="cond" truecount="0" falsecount="1"/>
        <line num="15" count="3" type="stmt"/>
        <line num="16" count="3" type="stmt"/>
        <line num="50" count="5" type="stmt"/>
      </file>
    </package>
    <package name="src.components.getImage">
      <metrics statements="19" coveredstatements="8" conditionals="4" coveredconditionals="1" methods="7" coveredmethods="1"/>
      <file name="api.js" path="/Users/anjalibhavsar/Documents/SingtelAssignment/singtel_react/src/components/getImage/api.js">
        <metrics statements="4" coveredstatements="1" conditionals="2" coveredconditionals="0" methods="2" coveredmethods="0"/>
        <line num="3" count="5" type="stmt"/>
        <line num="4" count="0" type="stmt"/>
        <line num="10" count="0" type="cond" truecount="0" falsecount="2"/>
        <line num="11" count="0" type="stmt"/>
      </file>
      <file name="index.js" path="/Users/anjalibhavsar/Documents/SingtelAssignment/singtel_react/src/components/getImage/index.js">
        <metrics statements="15" coveredstatements="7" conditionals="2" coveredconditionals="1" methods="5" coveredmethods="1"/>
        <line num="12" count="5" type="stmt"/>
        <line num="13" count="3" type="stmt"/>
        <line num="14" count="3" type="stmt"/>
        <line num="16" count="3" type="stmt"/>
        <line num="17" count="0" type="stmt"/>
        <line num="18" count="0" type="stmt"/>
        <line num="20" count="0" type="stmt"/>
        <line num="21" count="0" type="stmt"/>
        <line num="24" count="0" type="stmt"/>
        <line num="25" count="0" type="stmt"/>
        <line num="30" count="3" type="stmt"/>
        <line num="31" count="0" type="stmt"/>
        <line num="32" count="0" type="stmt"/>
        <line num="35" count="3" type="stmt"/>
        <line num="52" count="5" type="stmt"/>
      </file>
    </package>
    <package name="src.components.listHeader">
      <metrics statements="17" coveredstatements="7" conditionals="19" coveredconditionals="4" methods="4" coveredmethods="2"/>
      <file name="index.js" path="/Users/anjalibhavsar/Documents/SingtelAssignment/singtel_react/src/components/listHeader/index.js">
        <metrics statements="17" coveredstatements="7" conditionals="19" coveredconditionals="4" methods="4" coveredmethods="2"/>
        <line num="15" count="4" type="cond" truecount="0" falsecount="1"/>
        <line num="19" count="3" type="stmt"/>
        <line num="20" count="3" type="stmt"/>
        <line num="22" count="3" type="stmt"/>
        <line num="23" count="0" type="cond" truecount="0" falsecount="2"/>
        <line num="24" count="0" type="cond" truecount="0" falsecount="2"/>
        <line num="25" count="0" type="cond" truecount="0" falsecount="2"/>
        <line num="34" count="0" type="cond" truecount="0" falsecount="2"/>
        <line num="35" count="0" type="stmt"/>
        <line num="36" count="0" type="cond" truecount="0" falsecount="2"/>
        <line num="45" count="0" type="cond" truecount="0" falsecount="2"/>
        <line num="46" count="0" type="stmt"/>
        <line num="47" count="0" type="cond" truecount="0" falsecount="2"/>
        <line num="59" count="3" type="stmt"/>
        <line num="62" count="6" type="stmt"/>
        <line num="69" count="0" type="stmt"/>
        <line num="78" count="4" type="stmt"/>
      </file>
    </package>
    <package name="src.components.loader">
      <metrics statements="3" coveredstatements="3" conditionals="2" coveredconditionals="2" methods="1" coveredmethods="1"/>
      <file name="index.js" path="/Users/anjalibhavsar/Documents/SingtelAssignment/singtel_react/src/components/loader/index.js">
        <metrics statements="3" coveredstatements="3" conditionals="2" coveredconditionals="2" methods="1" coveredmethods="1"/>
        <line num="4" count="6" type="cond" truecount="2" falsecount="0"/>
        <line num="5" count="1" type="stmt"/>
        <line num="10" count="6" type="stmt"/>
      </file>
    </package>
    <package name="src.components.noData">
      <metrics statements="2" coveredstatements="2" conditionals="0" coveredconditionals="0" methods="1" coveredmethods="1"/>
      <file name="index.js" path="/Users/anjalibhavsar/Documents/SingtelAssignment/singtel_react/src/components/noData/index.js">
        <metrics statements="2" coveredstatements="2" conditionals="0" coveredconditionals="0" methods="1" coveredmethods="1"/>
        <line num="4" count="5" type="stmt"/>
        <line num="5" count="3" type="stmt"/>
      </file>
    </package>
    <package name="src.components.searchBox">
      <metrics statements="4" coveredstatements="3" conditionals="5" coveredconditionals="5" methods="2" coveredmethods="1"/>
      <file name="index.js" path="/Users/anjalibhavsar/Documents/SingtelAssignment/singtel_react/src/components/searchBox/index.js">
        <metrics statements="4" coveredstatements="3" conditionals="5" coveredconditionals="5" methods="2" coveredmethods="1"/>
        <line num="4" count="4" type="stmt"/>
        <line num="12" count="3" type="stmt"/>
        <line num="20" count="0" type="stmt"/>
        <line num="26" count="4" type="stmt"/>
      </file>
    </package>
    <package name="src.constants">
      <metrics statements="5" coveredstatements="5" conditionals="0" coveredconditionals="0" methods="0" coveredmethods="0"/>
      <file name="index.js" path="/Users/anjalibhavsar/Documents/SingtelAssignment/singtel_react/src/constants/index.js">
        <metrics statements="5" coveredstatements="5" conditionals="0" coveredconditionals="0" methods="0" coveredmethods="0"/>
        <line num="1" count="5" type="stmt"/>
        <line num="3" count="5" type="stmt"/>
        <line num="4" count="5" type="stmt"/>
        <line num="5" count="5" type="stmt"/>
        <line num="7" count="5" type="stmt"/>
      </file>
    </package>
    <package name="src.container.dogSearch">
      <metrics statements="13" coveredstatements="6" conditionals="2" coveredconditionals="1" methods="5" coveredmethods="1"/>
      <file name="index.js" path="/Users/anjalibhavsar/Documents/SingtelAssignment/singtel_react/src/container/dogSearch/index.js">
        <metrics statements="13" coveredstatements="6" conditionals="2" coveredconditionals="1" methods="5" coveredmethods="1"/>
        <line num="10" count="3" type="stmt"/>
        <line num="14" count="4" type="stmt"/>
        <line num="16" count="2" type="stmt"/>
        <line num="18" count="2" type="stmt"/>
        <line num="19" count="0" type="stmt"/>
        <line num="20" count="0" type="stmt"/>
        <line num="27" count="0" type="stmt"/>
        <line num="29" count="0" type="stmt"/>
        <line num="30" count="0" type="stmt"/>
        <line num="33" count="0" type="stmt"/>
        <line num="34" count="0" type="stmt"/>
        <line num="39" count="2" type="stmt"/>
        <line num="41" count="2" type="stmt"/>
      </file>
    </package>
    <package name="src.context">
      <metrics statements="11" coveredstatements="9" conditionals="2" coveredconditionals="0" methods="4" coveredmethods="2"/>
      <file name="dogContext.js" path="/Users/anjalibhavsar/Documents/SingtelAssignment/singtel_react/src/context/dogContext.js">
        <metrics statements="3" coveredstatements="3" conditionals="0" coveredconditionals="0" methods="1" coveredmethods="1"/>
        <line num="6" count="5" type="stmt"/>
        <line num="8" count="5" type="stmt"/>
        <line num="13" count="7" type="stmt"/>
      </file>
      <file name="index.js" path="/Users/anjalibhavsar/Documents/SingtelAssignment/singtel_react/src/context/index.js">
        <metrics statements="8" coveredstatements="6" conditionals="2" coveredconditionals="0" methods="3" coveredmethods="1"/>
        <line num="6" count="5" type="stmt"/>
        <line num="13" count="5" type="stmt"/>
        <line num="14" count="0" type="cond" truecount="0" falsecount="2"/>
        <line num="59" count="5" type="stmt"/>
        <line num="60" count="4" type="stmt"/>
        <line num="62" count="4" type="stmt"/>
        <line num="63" count="0" type="stmt"/>
        <line num="66" count="4" type="stmt"/>
      </file>
    </package>
    <package name="src.utils">
      <metrics statements="26" coveredstatements="12" conditionals="11" coveredconditionals="3" methods="13" coveredmethods="3"/>
      <file name="index.js" path="/Users/anjalibhavsar/Documents/SingtelAssignment/singtel_react/src/utils/index.js">
        <metrics statements="26" coveredstatements="12" conditionals="11" coveredconditionals="3" methods="13" coveredmethods="3"/>
        <line num="1" count="4" type="cond" truecount="1" falsecount="0"/>
        <line num="3" count="3" type="stmt"/>
        <line num="4" count="100" type="stmt"/>
        <line num="5" count="100" type="cond" truecount="2" falsecount="0"/>
        <line num="6" count="100" type="stmt"/>
        <line num="7" count="1" type="stmt"/>
        <line num="8" count="1" type="stmt"/>
        <line num="13" count="4" type="stmt"/>
        <line num="14" count="0" type="cond" truecount="0" falsecount="2"/>
        <line num="16" count="4" type="stmt"/>
        <line num="17" count="0" type="cond" truecount="0" falsecount="2"/>
        <line num="19" count="4" type="stmt"/>
        <line num="20" count="0" type="stmt"/>
        <line num="21" count="0" type="stmt"/>
        <line num="23" count="0" type="stmt"/>
        <line num="24" count="0" type="stmt"/>
        <line num="25" count="0" type="cond" truecount="0" falsecount="2"/>
        <line num="29" count="4" type="stmt"/>
        <line num="30" count="0" type="stmt"/>
        <line num="31" count="0" type="stmt"/>
        <line num="32" count="0" type="stmt"/>
        <line num="33" count="0" type="stmt"/>
        <line num="34" count="0" type="cond" truecount="0" falsecount="2"/>
        <line num="38" count="4" type="stmt"/>
        <line num="39" count="0" type="stmt"/>
        <line num="48" count="0" type="stmt"/>
      </file>
    </package>
  </project>
</coverage>
