{"/Users/anjalibhavsar/Documents/SingtelAssignment/singtel_react/src/App.js": {"path":"/Users/anjalibhavsar/Documents/SingtelAssignment/singtel_react/src/App.js","statementMap":{"0":{"start":{"line":7,"column":2},"end":{"line":13,"column":4}}},"fnMap":{"0":{"name":"App","decl":{"start":{"line":6,"column":9},"end":{"line":6,"column":12}},"loc":{"start":{"line":6,"column":15},"end":{"line":14,"column":1}},"line":6}},"branchMap":{},"s":{"0":0},"f":{"0":0},"b":{},"_coverageSchema":"1a1c01bbd47fc00a2c39e90264f33305004495a9","hash":"f33c3086f02bf6f8815a3bee11959f0d224c8351"}
,"/Users/anjalibhavsar/Documents/SingtelAssignment/singtel_react/src/components/index.js": {"path":"/Users/anjalibhavsar/Documents/SingtelAssignment/singtel_react/src/components/index.js","statementMap":{},"fnMap":{},"branchMap":{},"s":{},"f":{},"b":{},"_coverageSchema":"1a1c01bbd47fc00a2c39e90264f33305004495a9","hash":"a97307f84c6b91489d7dde664345c48285ac8027"}
,"/Users/anjalibhavsar/Documents/SingtelAssignment/singtel_react/src/components/dogList/index.js": {"path":"/Users/anjalibhavsar/Documents/SingtelAssignment/singtel_react/src/components/dogList/index.js","statementMap":{"0":{"start":{"line":8,"column":23},"end":{"line":26,"column":1}},"1":{"start":{"line":9,"column":18},"end":{"line":15,"column":3}},"2":{"start":{"line":16,"column":18},"end":{"line":18,"column":3}},"3":{"start":{"line":17,"column":4},"end":{"line":17,"column":78}},"4":{"start":{"line":17,"column":30},"end":{"line":17,"column":76}},"5":{"start":{"line":20,"column":2},"end":{"line":25,"column":4}},"6":{"start":{"line":28,"column":0},"end":{"line":30,"column":2}}},"fnMap":{"0":{"name":"(anonymous_0)","decl":{"start":{"line":8,"column":23},"end":{"line":8,"column":24}},"loc":{"start":{"line":8,"column":42},"end":{"line":26,"column":1}},"line":8},"1":{"name":"(anonymous_1)","decl":{"start":{"line":16,"column":18},"end":{"line":16,"column":19}},"loc":{"start":{"line":16,"column":28},"end":{"line":18,"column":3}},"line":16},"2":{"name":"(anonymous_2)","decl":{"start":{"line":17,"column":20},"end":{"line":17,"column":21}},"loc":{"start":{"line":17,"column":30},"end":{"line":17,"column":76}},"line":17}},"branchMap":{"0":{"loc":{"start":{"line":8,"column":26},"end":{"line":8,"column":35}},"type":"default-arg","locations":[{"start":{"line":8,"column":33},"end":{"line":8,"column":35}}],"line":8},"1":{"loc":{"start":{"line":23,"column":7},"end":{"line":23,"column":61}},"type":"cond-expr","locations":[{"start":{"line":23,"column":26},"end":{"line":23,"column":39}},{"start":{"line":23,"column":42},"end":{"line":23,"column":61}}],"line":23}},"s":{"0":4,"1":3,"2":3,"3":1,"4":2,"5":3,"6":4},"f":{"0":3,"1":1,"2":2},"b":{"0":[0],"1":[1,2]},"_coverageSchema":"1a1c01bbd47fc00a2c39e90264f33305004495a9","hash":"2721f34580a2685a3213d4c47576a3a79eca00f3"}
,"/Users/anjalibhavsar/Documents/SingtelAssignment/singtel_react/src/components/dogListItem/index.js": {"path":"/Users/anjalibhavsar/Documents/SingtelAssignment/singtel_react/src/components/dogListItem/index.js","statementMap":{"0":{"start":{"line":5,"column":27},"end":{"line":48,"column":1}},"1":{"start":{"line":15,"column":6},"end":{"line":15,"column":15}},"2":{"start":{"line":16,"column":2},"end":{"line":47,"column":4}},"3":{"start":{"line":50,"column":0},"end":{"line":52,"column":2}}},"fnMap":{"0":{"name":"(anonymous_0)","decl":{"start":{"line":5,"column":27},"end":{"line":5,"column":28}},"loc":{"start":{"line":5,"column":51},"end":{"line":48,"column":1}},"line":5}},"branchMap":{"0":{"loc":{"start":{"line":5,"column":30},"end":{"line":5,"column":44}},"type":"default-arg","locations":[{"start":{"line":5,"column":42},"end":{"line":5,"column":44}}],"line":5},"1":{"loc":{"start":{"line":23,"column":9},"end":{"line":27,"column":9}},"type":"binary-expr","locations":[{"start":{"line":23,"column":9},"end":{"line":23,"column":20}},{"start":{"line":24,"column":10},"end":{"line":26,"column":16}}],"line":23},"2":{"loc":{"start":{"line":28,"column":9},"end":{"line":32,"column":9}},"type":"binary-expr","locations":[{"start":{"line":28,"column":9},"end":{"line":28,"column":20}},{"start":{"line":29,"column":10},"end":{"line":31,"column":16}}],"line":28}},"s":{"0":5,"1":3,"2":3,"3":5},"f":{"0":3},"b":{"0":[0],"1":[3,3],"2":[3,0]},"_coverageSchema":"1a1c01bbd47fc00a2c39e90264f33305004495a9","hash":"1e63e216b46364b2f18120ffc418d85d26dc8918"}
,"/Users/anjalibhavsar/Documents/SingtelAssignment/singtel_react/src/components/getImage/api.js": {"path":"/Users/anjalibhavsar/Documents/SingtelAssignment/singtel_react/src/components/getImage/api.js","statementMap":{"0":{"start":{"line":3,"column":27},"end":{"line":13,"column":1}},"1":{"start":{"line":4,"column":2},"end":{"line":12,"column":5}},"2":{"start":{"line":10,"column":4},"end":{"line":11,"column":45}},"3":{"start":{"line":10,"column":29},"end":{"line":10,"column":48}},"4":{"start":{"line":11,"column":9},"end":{"line":11,"column":45}}},"fnMap":{"0":{"name":"(anonymous_0)","decl":{"start":{"line":3,"column":27},"end":{"line":3,"column":28}},"loc":{"start":{"line":3,"column":41},"end":{"line":13,"column":1}},"line":3},"1":{"name":"(anonymous_1)","decl":{"start":{"line":9,"column":10},"end":{"line":9,"column":11}},"loc":{"start":{"line":9,"column":20},"end":{"line":12,"column":3}},"line":9}},"branchMap":{"0":{"loc":{"start":{"line":10,"column":4},"end":{"line":11,"column":45}},"type":"if","locations":[{"start":{"line":10,"column":4},"end":{"line":11,"column":45}},{"start":{"line":11,"column":9},"end":{"line":11,"column":45}}],"line":10}},"s":{"0":5,"1":0,"2":0,"3":0,"4":0},"f":{"0":0,"1":0},"b":{"0":[0,0]},"_coverageSchema":"1a1c01bbd47fc00a2c39e90264f33305004495a9","hash":"7c9f00c15bf32d6deca00a150d73a018398766d6"}
,"/Users/anjalibhavsar/Documents/SingtelAssignment/singtel_react/src/components/getImage/index.js": {"path":"/Users/anjalibhavsar/Documents/SingtelAssignment/singtel_react/src/components/getImage/index.js","statementMap":{"0":{"start":{"line":12,"column":24},"end":{"line":50,"column":1}},"1":{"start":{"line":13,"column":36},"end":{"line":13,"column":51}},"2":{"start":{"line":14,"column":34},"end":{"line":14,"column":51}},"3":{"start":{"line":16,"column":17},"end":{"line":27,"column":8}},"4":{"start":{"line":17,"column":4},"end":{"line":17,"column":23}},"5":{"start":{"line":18,"column":4},"end":{"line":26,"column":9}},"6":{"start":{"line":20,"column":8},"end":{"line":20,"column":33}},"7":{"start":{"line":21,"column":8},"end":{"line":21,"column":28}},"8":{"start":{"line":24,"column":8},"end":{"line":24,"column":28}},"9":{"start":{"line":25,"column":8},"end":{"line":25,"column":32}},"10":{"start":{"line":30,"column":2},"end":{"line":33,"column":19}},"11":{"start":{"line":31,"column":4},"end":{"line":31,"column":23}},"12":{"start":{"line":32,"column":4},"end":{"line":32,"column":15}},"13":{"start":{"line":35,"column":2},"end":{"line":49,"column":4}},"14":{"start":{"line":52,"column":0},"end":{"line":55,"column":2}}},"fnMap":{"0":{"name":"(anonymous_0)","decl":{"start":{"line":12,"column":24},"end":{"line":12,"column":25}},"loc":{"start":{"line":12,"column":47},"end":{"line":50,"column":1}},"line":12},"1":{"name":"(anonymous_1)","decl":{"start":{"line":16,"column":29},"end":{"line":16,"column":30}},"loc":{"start":{"line":16,"column":43},"end":{"line":27,"column":3}},"line":16},"2":{"name":"(anonymous_2)","decl":{"start":{"line":19,"column":12},"end":{"line":19,"column":13}},"loc":{"start":{"line":19,"column":22},"end":{"line":22,"column":7}},"line":19},"3":{"name":"(anonymous_3)","decl":{"start":{"line":23,"column":13},"end":{"line":23,"column":14}},"loc":{"start":{"line":23,"column":22},"end":{"line":26,"column":7}},"line":23},"4":{"name":"(anonymous_4)","decl":{"start":{"line":30,"column":12},"end":{"line":30,"column":13}},"loc":{"start":{"line":30,"column":18},"end":{"line":33,"column":3}},"line":30}},"branchMap":{"0":{"loc":{"start":{"line":37,"column":7},"end":{"line":47,"column":7}},"type":"cond-expr","locations":[{"start":{"line":38,"column":8},"end":{"line":38,"column":47}},{"start":{"line":40,"column":8},"end":{"line":46,"column":10}}],"line":37}},"s":{"0":5,"1":3,"2":3,"3":3,"4":0,"5":0,"6":0,"7":0,"8":0,"9":0,"10":3,"11":0,"12":0,"13":3,"14":5},"f":{"0":3,"1":0,"2":0,"3":0,"4":0},"b":{"0":[0,3]},"_coverageSchema":"1a1c01bbd47fc00a2c39e90264f33305004495a9","hash":"6f2df509fa5a55e3ce71d8722ea4cde49e4987d0"}
,"/Users/anjalibhavsar/Documents/SingtelAssignment/singtel_react/src/components/listHeader/index.js": {"path":"/Users/anjalibhavsar/Documents/SingtelAssignment/singtel_react/src/components/listHeader/index.js","statementMap":{"0":{"start":{"line":15,"column":26},"end":{"line":76,"column":1}},"1":{"start":{"line":19,"column":6},"end":{"line":19,"column":21}},"2":{"start":{"line":20,"column":24},"end":{"line":20,"column":48}},"3":{"start":{"line":22,"column":22},"end":{"line":58,"column":3}},"4":{"start":{"line":23,"column":4},"end":{"line":57,"column":5}},"5":{"start":{"line":24,"column":6},"end":{"line":56,"column":7}},"6":{"start":{"line":25,"column":8},"end":{"line":33,"column":14}},"7":{"start":{"line":34,"column":13},"end":{"line":56,"column":7}},"8":{"start":{"line":35,"column":8},"end":{"line":35,"column":37}},"9":{"start":{"line":36,"column":8},"end":{"line":44,"column":14}},"10":{"start":{"line":45,"column":13},"end":{"line":56,"column":7}},"11":{"start":{"line":46,"column":8},"end":{"line":46,"column":39}},"12":{"start":{"line":47,"column":8},"end":{"line":55,"column":14}},"13":{"start":{"line":59,"column":2},"end":{"line":75,"column":4}},"14":{"start":{"line":62,"column":8},"end":{"line":72,"column":17}},"15":{"start":{"line":69,"column":25},"end":{"line":69,"column":42}},"16":{"start":{"line":78,"column":0},"end":{"line":80,"column":2}}},"fnMap":{"0":{"name":"(anonymous_0)","decl":{"start":{"line":15,"column":26},"end":{"line":15,"column":27}},"loc":{"start":{"line":15,"column":47},"end":{"line":76,"column":1}},"line":15},"1":{"name":"(anonymous_1)","decl":{"start":{"line":22,"column":22},"end":{"line":22,"column":23}},"loc":{"start":{"line":22,"column":47},"end":{"line":58,"column":3}},"line":22},"2":{"name":"(anonymous_2)","decl":{"start":{"line":61,"column":18},"end":{"line":61,"column":19}},"loc":{"start":{"line":62,"column":8},"end":{"line":72,"column":17}},"line":62},"3":{"name":"(anonymous_3)","decl":{"start":{"line":69,"column":19},"end":{"line":69,"column":20}},"loc":{"start":{"line":69,"column":25},"end":{"line":69,"column":42}},"line":69}},"branchMap":{"0":{"loc":{"start":{"line":15,"column":29},"end":{"line":15,"column":40}},"type":"default-arg","locations":[{"start":{"line":15,"column":38},"end":{"line":15,"column":40}}],"line":15},"1":{"loc":{"start":{"line":23,"column":4},"end":{"line":57,"column":5}},"type":"if","locations":[{"start":{"line":23,"column":4},"end":{"line":57,"column":5}},{"start":{},"end":{}}],"line":23},"2":{"loc":{"start":{"line":24,"column":6},"end":{"line":56,"column":7}},"type":"if","locations":[{"start":{"line":24,"column":6},"end":{"line":56,"column":7}},{"start":{"line":34,"column":13},"end":{"line":56,"column":7}}],"line":24},"3":{"loc":{"start":{"line":25,"column":8},"end":{"line":33,"column":13}},"type":"cond-expr","locations":[{"start":{"line":26,"column":12},"end":{"line":29,"column":13}},{"start":{"line":30,"column":12},"end":{"line":33,"column":13}}],"line":25},"4":{"loc":{"start":{"line":34,"column":13},"end":{"line":56,"column":7}},"type":"if","locations":[{"start":{"line":34,"column":13},"end":{"line":56,"column":7}},{"start":{"line":45,"column":13},"end":{"line":56,"column":7}}],"line":34},"5":{"loc":{"start":{"line":36,"column":8},"end":{"line":44,"column":13}},"type":"cond-expr","locations":[{"start":{"line":37,"column":12},"end":{"line":40,"column":13}},{"start":{"line":41,"column":12},"end":{"line":44,"column":13}}],"line":36},"6":{"loc":{"start":{"line":45,"column":13},"end":{"line":56,"column":7}},"type":"if","locations":[{"start":{"line":45,"column":13},"end":{"line":56,"column":7}},{"start":{},"end":{}}],"line":45},"7":{"loc":{"start":{"line":47,"column":8},"end":{"line":55,"column":13}},"type":"cond-expr","locations":[{"start":{"line":48,"column":12},"end":{"line":51,"column":13}},{"start":{"line":52,"column":12},"end":{"line":55,"column":13}}],"line":47},"8":{"loc":{"start":{"line":65,"column":19},"end":{"line":65,"column":71}},"type":"cond-expr","locations":[{"start":{"line":65,"column":44},"end":{"line":65,"column":49}},{"start":{"line":65,"column":52},"end":{"line":65,"column":71}}],"line":65},"9":{"loc":{"start":{"line":66,"column":29},"end":{"line":66,"column":64}},"type":"binary-expr","locations":[{"start":{"line":66,"column":29},"end":{"line":66,"column":39}},{"start":{"line":66,"column":43},"end":{"line":66,"column":64}}],"line":66}},"s":{"0":4,"1":3,"2":3,"3":3,"4":0,"5":0,"6":0,"7":0,"8":0,"9":0,"10":0,"11":0,"12":0,"13":3,"14":6,"15":0,"16":4},"f":{"0":3,"1":0,"2":6,"3":0},"b":{"0":[0],"1":[0,0],"2":[0,0],"3":[0,0],"4":[0,0],"5":[0,0],"6":[0,0],"7":[0,0],"8":[3,3],"9":[6,3]},"_coverageSchema":"1a1c01bbd47fc00a2c39e90264f33305004495a9","hash":"176d998494794c41a542e1d5a8ae3a695cb73812"}
,"/Users/anjalibhavsar/Documents/SingtelAssignment/singtel_react/src/components/loader/index.js": {"path":"/Users/anjalibhavsar/Documents/SingtelAssignment/singtel_react/src/components/loader/index.js","statementMap":{"0":{"start":{"line":4,"column":22},"end":{"line":8,"column":1}},"1":{"start":{"line":5,"column":2},"end":{"line":7,"column":8}},"2":{"start":{"line":10,"column":0},"end":{"line":13,"column":2}}},"fnMap":{"0":{"name":"(anonymous_0)","decl":{"start":{"line":4,"column":22},"end":{"line":4,"column":23}},"loc":{"start":{"line":5,"column":2},"end":{"line":7,"column":8}},"line":5}},"branchMap":{"0":{"loc":{"start":{"line":4,"column":25},"end":{"line":4,"column":47}},"type":"default-arg","locations":[{"start":{"line":4,"column":39},"end":{"line":4,"column":47}}],"line":4},"1":{"loc":{"start":{"line":4,"column":49},"end":{"line":4,"column":68}},"type":"default-arg","locations":[{"start":{"line":4,"column":66},"end":{"line":4,"column":68}}],"line":4}},"s":{"0":6,"1":1,"2":6},"f":{"0":1},"b":{"0":[1],"1":[1]},"_coverageSchema":"1a1c01bbd47fc00a2c39e90264f33305004495a9","hash":"472a25ef0228d40d61e261013a8247ab02de2703"}
,"/Users/anjalibhavsar/Documents/SingtelAssignment/singtel_react/src/components/noData/index.js": {"path":"/Users/anjalibhavsar/Documents/SingtelAssignment/singtel_react/src/components/noData/index.js","statementMap":{"0":{"start":{"line":4,"column":24},"end":{"line":11,"column":1}},"1":{"start":{"line":5,"column":2},"end":{"line":10,"column":4}}},"fnMap":{"0":{"name":"(anonymous_0)","decl":{"start":{"line":4,"column":24},"end":{"line":4,"column":25}},"loc":{"start":{"line":4,"column":30},"end":{"line":11,"column":1}},"line":4}},"branchMap":{},"s":{"0":5,"1":3},"f":{"0":3},"b":{},"_coverageSchema":"1a1c01bbd47fc00a2c39e90264f33305004495a9","hash":"aa285f93388cb31abee3f6ca32588636477fd972"}
,"/Users/anjalibhavsar/Documents/SingtelAssignment/singtel_react/src/components/searchBox/index.js": {"path":"/Users/anjalibhavsar/Documents/SingtelAssignment/singtel_react/src/components/searchBox/index.js","statementMap":{"0":{"start":{"line":4,"column":25},"end":{"line":24,"column":1}},"1":{"start":{"line":12,"column":2},"end":{"line":23,"column":4}},"2":{"start":{"line":20,"column":25},"end":{"line":20,"column":53}},"3":{"start":{"line":26,"column":0},"end":{"line":33,"column":2}}},"fnMap":{"0":{"name":"(anonymous_0)","decl":{"start":{"line":4,"column":25},"end":{"line":4,"column":26}},"loc":{"start":{"line":11,"column":6},"end":{"line":24,"column":1}},"line":11},"1":{"name":"(anonymous_1)","decl":{"start":{"line":20,"column":18},"end":{"line":20,"column":19}},"loc":{"start":{"line":20,"column":25},"end":{"line":20,"column":53}},"line":20}},"branchMap":{"0":{"loc":{"start":{"line":5,"column":2},"end":{"line":5,"column":18}},"type":"default-arg","locations":[{"start":{"line":5,"column":10},"end":{"line":5,"column":18}}],"line":5},"1":{"loc":{"start":{"line":6,"column":2},"end":{"line":6,"column":33}},"type":"default-arg","locations":[{"start":{"line":6,"column":16},"end":{"line":6,"column":33}}],"line":6},"2":{"loc":{"start":{"line":7,"column":2},"end":{"line":7,"column":36}},"type":"default-arg","locations":[{"start":{"line":7,"column":19},"end":{"line":7,"column":36}}],"line":7},"3":{"loc":{"start":{"line":8,"column":2},"end":{"line":8,"column":27}},"type":"default-arg","locations":[{"start":{"line":8,"column":15},"end":{"line":8,"column":27}}],"line":8},"4":{"loc":{"start":{"line":9,"column":2},"end":{"line":9,"column":29}},"type":"default-arg","locations":[{"start":{"line":9,"column":16},"end":{"line":9,"column":29}}],"line":9}},"s":{"0":4,"1":3,"2":0,"3":4},"f":{"0":3,"1":0},"b":{"0":[3],"1":[3],"2":[3],"3":[3],"4":[3]},"_coverageSchema":"1a1c01bbd47fc00a2c39e90264f33305004495a9","hash":"9a3fdbddea095f05abb75f05961c07dd2dbc3c99"}
,"/Users/anjalibhavsar/Documents/SingtelAssignment/singtel_react/src/constants/index.js": {"path":"/Users/anjalibhavsar/Documents/SingtelAssignment/singtel_react/src/constants/index.js","statementMap":{"0":{"start":{"line":1,"column":24},"end":{"line":1,"column":52}},"1":{"start":{"line":3,"column":2},"end":{"line":3,"column":73}},"2":{"start":{"line":4,"column":22},"end":{"line":4,"column":30}},"3":{"start":{"line":5,"column":21},"end":{"line":5,"column":28}},"4":{"start":{"line":7,"column":26},"end":{"line":16,"column":1}}},"fnMap":{},"branchMap":{},"s":{"0":5,"1":5,"2":5,"3":5,"4":5},"f":{},"b":{},"_coverageSchema":"1a1c01bbd47fc00a2c39e90264f33305004495a9","hash":"32df78b9be3c08cbdd640bf0d35ae14c0e66977a"}
,"/Users/anjalibhavsar/Documents/SingtelAssignment/singtel_react/src/container/dogSearch/index.js": {"path":"/Users/anjalibhavsar/Documents/SingtelAssignment/singtel_react/src/container/dogSearch/index.js","statementMap":{"0":{"start":{"line":10,"column":18},"end":{"line":50,"column":1}},"1":{"start":{"line":14,"column":6},"end":{"line":14,"column":21}},"2":{"start":{"line":16,"column":36},"end":{"line":16,"column":51}},"3":{"start":{"line":18,"column":22},"end":{"line":36,"column":3}},"4":{"start":{"line":19,"column":4},"end":{"line":19,"column":23}},"5":{"start":{"line":20,"column":4},"end":{"line":35,"column":9}},"6":{"start":{"line":27,"column":21},"end":{"line":27,"column":31}},"7":{"start":{"line":29,"column":8},"end":{"line":29,"column":28}},"8":{"start":{"line":30,"column":8},"end":{"line":30,"column":73}},"9":{"start":{"line":33,"column":8},"end":{"line":33,"column":26}},"10":{"start":{"line":34,"column":8},"end":{"line":34,"column":28}},"11":{"start":{"line":39,"column":23},"end":{"line":39,"column":61}},"12":{"start":{"line":41,"column":2},"end":{"line":49,"column":4}}},"fnMap":{"0":{"name":"(anonymous_0)","decl":{"start":{"line":10,"column":18},"end":{"line":10,"column":19}},"loc":{"start":{"line":10,"column":24},"end":{"line":50,"column":1}},"line":10},"1":{"name":"(anonymous_1)","decl":{"start":{"line":18,"column":22},"end":{"line":18,"column":23}},"loc":{"start":{"line":18,"column":44},"end":{"line":36,"column":3}},"line":18},"2":{"name":"(anonymous_2)","decl":{"start":{"line":27,"column":12},"end":{"line":27,"column":13}},"loc":{"start":{"line":27,"column":21},"end":{"line":27,"column":31}},"line":27},"3":{"name":"(anonymous_3)","decl":{"start":{"line":28,"column":12},"end":{"line":28,"column":13}},"loc":{"start":{"line":28,"column":22},"end":{"line":31,"column":7}},"line":28},"4":{"name":"(anonymous_4)","decl":{"start":{"line":32,"column":13},"end":{"line":32,"column":14}},"loc":{"start":{"line":32,"column":22},"end":{"line":35,"column":7}},"line":32}},"branchMap":{"0":{"loc":{"start":{"line":44,"column":7},"end":{"line":44,"column":63}},"type":"binary-expr","locations":[{"start":{"line":44,"column":7},"end":{"line":44,"column":16}},{"start":{"line":44,"column":20},"end":{"line":44,"column":63}}],"line":44}},"s":{"0":3,"1":4,"2":2,"3":2,"4":0,"5":0,"6":0,"7":0,"8":0,"9":0,"10":0,"11":2,"12":2},"f":{"0":4,"1":0,"2":0,"3":0,"4":0},"b":{"0":[2,0]},"_coverageSchema":"1a1c01bbd47fc00a2c39e90264f33305004495a9","hash":"ea2d14e0873e4b9fc487704cacd7c834bd3c4a02"}
,"/Users/anjalibhavsar/Documents/SingtelAssignment/singtel_react/src/context/dogContext.js": {"path":"/Users/anjalibhavsar/Documents/SingtelAssignment/singtel_react/src/context/dogContext.js","statementMap":{"0":{"start":{"line":6,"column":19},"end":{"line":6,"column":36}},"1":{"start":{"line":8,"column":28},"end":{"line":8,"column":38}},"2":{"start":{"line":13,"column":29},"end":{"line":13,"column":57}},"3":{"start":{"line":13,"column":35},"end":{"line":13,"column":57}}},"fnMap":{"0":{"name":"(anonymous_0)","decl":{"start":{"line":13,"column":29},"end":{"line":13,"column":30}},"loc":{"start":{"line":13,"column":35},"end":{"line":13,"column":57}},"line":13}},"branchMap":{},"s":{"0":5,"1":5,"2":5,"3":7},"f":{"0":7},"b":{},"_coverageSchema":"1a1c01bbd47fc00a2c39e90264f33305004495a9","hash":"d9838c57776228544c3e1bf33847a0e64bff078c"}
,"/Users/anjalibhavsar/Documents/SingtelAssignment/singtel_react/src/context/index.js": {"path":"/Users/anjalibhavsar/Documents/SingtelAssignment/singtel_react/src/context/index.js","statementMap":{"0":{"start":{"line":6,"column":28},"end":{"line":11,"column":1}},"1":{"start":{"line":13,"column":16},"end":{"line":54,"column":19}},"2":{"start":{"line":14,"column":3},"end":{"line":54,"column":18}},"3":{"start":{"line":59,"column":24},"end":{"line":67,"column":1}},"4":{"start":{"line":60,"column":28},"end":{"line":60,"column":61}},"5":{"start":{"line":62,"column":25},"end":{"line":64,"column":3}},"6":{"start":{"line":63,"column":4},"end":{"line":63,"column":32}},"7":{"start":{"line":66,"column":2},"end":{"line":66,"column":75}}},"fnMap":{"0":{"name":"(anonymous_0)","decl":{"start":{"line":13,"column":16},"end":{"line":13,"column":17}},"loc":{"start":{"line":14,"column":3},"end":{"line":54,"column":18}},"line":14},"1":{"name":"(anonymous_1)","decl":{"start":{"line":59,"column":24},"end":{"line":59,"column":25}},"loc":{"start":{"line":59,"column":42},"end":{"line":67,"column":1}},"line":59},"2":{"name":"(anonymous_2)","decl":{"start":{"line":62,"column":25},"end":{"line":62,"column":26}},"loc":{"start":{"line":62,"column":44},"end":{"line":64,"column":3}},"line":62}},"branchMap":{"0":{"loc":{"start":{"line":14,"column":3},"end":{"line":54,"column":18}},"type":"binary-expr","locations":[{"start":{"line":14,"column":3},"end":{"line":54,"column":9}},{"start":{"line":54,"column":13},"end":{"line":54,"column":18}}],"line":14}},"s":{"0":5,"1":5,"2":0,"3":5,"4":4,"5":4,"6":0,"7":4},"f":{"0":0,"1":4,"2":0},"b":{"0":[0,0]},"_coverageSchema":"1a1c01bbd47fc00a2c39e90264f33305004495a9","hash":"df5764bf8a4c926a816930af6ce7f4a379859ebf"}
,"/Users/anjalibhavsar/Documents/SingtelAssignment/singtel_react/src/utils/index.js": {"path":"/Users/anjalibhavsar/Documents/SingtelAssignment/singtel_react/src/utils/index.js","statementMap":{"0":{"start":{"line":1,"column":24},"end":{"line":11,"column":1}},"1":{"start":{"line":3,"column":2},"end":{"line":10,"column":4}},"2":{"start":{"line":4,"column":20},"end":{"line":4,"column":24}},"3":{"start":{"line":5,"column":4},"end":{"line":5,"column":35}},"4":{"start":{"line":5,"column":15},"end":{"line":5,"column":35}},"5":{"start":{"line":6,"column":4},"end":{"line":9,"column":14}},"6":{"start":{"line":7,"column":6},"end":{"line":7,"column":19}},"7":{"start":{"line":8,"column":6},"end":{"line":8,"column":38}},"8":{"start":{"line":13,"column":40},"end":{"line":14,"column":55}},"9":{"start":{"line":14,"column":2},"end":{"line":14,"column":55}},"10":{"start":{"line":14,"column":29},"end":{"line":14,"column":53}},"11":{"start":{"line":16,"column":41},"end":{"line":17,"column":55}},"12":{"start":{"line":17,"column":2},"end":{"line":17,"column":55}},"13":{"start":{"line":17,"column":29},"end":{"line":17,"column":53}},"14":{"start":{"line":19,"column":45},"end":{"line":27,"column":1}},"15":{"start":{"line":20,"column":2},"end":{"line":26,"column":5}},"16":{"start":{"line":21,"column":17},"end":{"line":21,"column":39}},"17":{"start":{"line":23,"column":17},"end":{"line":23,"column":39}},"18":{"start":{"line":24,"column":4},"end":{"line":24,"column":37}},"19":{"start":{"line":25,"column":4},"end":{"line":25,"column":58}},"20":{"start":{"line":29,"column":45},"end":{"line":36,"column":1}},"21":{"start":{"line":30,"column":2},"end":{"line":35,"column":5}},"22":{"start":{"line":31,"column":17},"end":{"line":31,"column":39}},"23":{"start":{"line":32,"column":17},"end":{"line":32,"column":39}},"24":{"start":{"line":33,"column":4},"end":{"line":33,"column":37}},"25":{"start":{"line":34,"column":4},"end":{"line":34,"column":58}},"26":{"start":{"line":38,"column":33},"end":{"line":59,"column":1}},"27":{"start":{"line":39,"column":2},"end":{"line":58,"column":4}},"28":{"start":{"line":48,"column":11},"end":{"line":57,"column":5}}},"fnMap":{"0":{"name":"(anonymous_0)","decl":{"start":{"line":1,"column":24},"end":{"line":1,"column":25}},"loc":{"start":{"line":1,"column":54},"end":{"line":11,"column":1}},"line":1},"1":{"name":"(anonymous_1)","decl":{"start":{"line":3,"column":9},"end":{"line":3,"column":10}},"loc":{"start":{"line":3,"column":28},"end":{"line":10,"column":3}},"line":3},"2":{"name":"(anonymous_2)","decl":{"start":{"line":6,"column":23},"end":{"line":6,"column":24}},"loc":{"start":{"line":6,"column":29},"end":{"line":9,"column":5}},"line":6},"3":{"name":"(anonymous_3)","decl":{"start":{"line":13,"column":40},"end":{"line":13,"column":41}},"loc":{"start":{"line":14,"column":2},"end":{"line":14,"column":55}},"line":14},"4":{"name":"(anonymous_4)","decl":{"start":{"line":14,"column":18},"end":{"line":14,"column":19}},"loc":{"start":{"line":14,"column":29},"end":{"line":14,"column":53}},"line":14},"5":{"name":"(anonymous_5)","decl":{"start":{"line":16,"column":41},"end":{"line":16,"column":42}},"loc":{"start":{"line":17,"column":2},"end":{"line":17,"column":55}},"line":17},"6":{"name":"(anonymous_6)","decl":{"start":{"line":17,"column":18},"end":{"line":17,"column":19}},"loc":{"start":{"line":17,"column":29},"end":{"line":17,"column":53}},"line":17},"7":{"name":"(anonymous_7)","decl":{"start":{"line":19,"column":45},"end":{"line":19,"column":46}},"loc":{"start":{"line":19,"column":61},"end":{"line":27,"column":1}},"line":19},"8":{"name":"(anonymous_8)","decl":{"start":{"line":20,"column":25},"end":{"line":20,"column":26}},"loc":{"start":{"line":20,"column":35},"end":{"line":26,"column":3}},"line":20},"9":{"name":"(anonymous_9)","decl":{"start":{"line":29,"column":45},"end":{"line":29,"column":46}},"loc":{"start":{"line":29,"column":61},"end":{"line":36,"column":1}},"line":29},"10":{"name":"(anonymous_10)","decl":{"start":{"line":30,"column":25},"end":{"line":30,"column":26}},"loc":{"start":{"line":30,"column":35},"end":{"line":35,"column":3}},"line":30},"11":{"name":"(anonymous_11)","decl":{"start":{"line":38,"column":33},"end":{"line":38,"column":34}},"loc":{"start":{"line":38,"column":43},"end":{"line":59,"column":1}},"line":38},"12":{"name":"(anonymous_12)","decl":{"start":{"line":40,"column":4},"end":{"line":40,"column":5}},"loc":{"start":{"line":48,"column":11},"end":{"line":57,"column":5}},"line":48}},"branchMap":{"0":{"loc":{"start":{"line":1,"column":37},"end":{"line":1,"column":49}},"type":"default-arg","locations":[{"start":{"line":1,"column":45},"end":{"line":1,"column":49}}],"line":1},"1":{"loc":{"start":{"line":5,"column":4},"end":{"line":5,"column":35}},"type":"if","locations":[{"start":{"line":5,"column":4},"end":{"line":5,"column":35}},{"start":{},"end":{}}],"line":5},"2":{"loc":{"start":{"line":14,"column":29},"end":{"line":14,"column":53}},"type":"cond-expr","locations":[{"start":{"line":14,"column":47},"end":{"line":14,"column":48}},{"start":{"line":14,"column":51},"end":{"line":14,"column":53}}],"line":14},"3":{"loc":{"start":{"line":17,"column":29},"end":{"line":17,"column":53}},"type":"cond-expr","locations":[{"start":{"line":17,"column":47},"end":{"line":17,"column":49}},{"start":{"line":17,"column":52},"end":{"line":17,"column":53}}],"line":17},"4":{"loc":{"start":{"line":25,"column":11},"end":{"line":25,"column":57}},"type":"binary-expr","locations":[{"start":{"line":25,"column":11},"end":{"line":25,"column":32}},{"start":{"line":25,"column":36},"end":{"line":25,"column":57}}],"line":25},"5":{"loc":{"start":{"line":34,"column":11},"end":{"line":34,"column":57}},"type":"binary-expr","locations":[{"start":{"line":34,"column":11},"end":{"line":34,"column":32}},{"start":{"line":34,"column":36},"end":{"line":34,"column":57}}],"line":34}},"s":{"0":4,"1":3,"2":100,"3":100,"4":99,"5":100,"6":1,"7":1,"8":4,"9":0,"10":0,"11":4,"12":0,"13":0,"14":4,"15":0,"16":0,"17":0,"18":0,"19":0,"20":4,"21":0,"22":0,"23":0,"24":0,"25":0,"26":4,"27":0,"28":0},"f":{"0":3,"1":100,"2":1,"3":0,"4":0,"5":0,"6":0,"7":0,"8":0,"9":0,"10":0,"11":0,"12":0},"b":{"0":[2],"1":[99,1],"2":[0,0],"3":[0,0],"4":[0,0],"5":[0,0]},"_coverageSchema":"1a1c01bbd47fc00a2c39e90264f33305004495a9","hash":"3b9d175712b7fa5a6bd4a63cccaa63c183503d36"}
}
