TN:
SF:src/App.js
FN:6,App
FNF:1
FNH:0
FNDA:0,App
DA:7,0
LF:1
LH:0
BRF:0
BRH:0
end_of_record
TN:
SF:src/components/index.js
FNF:0
FNH:0
LF:0
LH:0
BRF:0
BRH:0
end_of_record
TN:
SF:src/components/dogList/index.js
FN:8,(anonymous_0)
FN:16,(anonymous_1)
FN:17,(anonymous_2)
FNF:3
FNH:3
FNDA:3,(anonymous_0)
FNDA:1,(anonymous_1)
FNDA:2,(anonymous_2)
DA:8,4
DA:9,3
DA:16,3
DA:17,2
DA:20,3
DA:28,4
LF:6
LH:6
BRDA:8,0,0,0
BRDA:23,1,0,1
BRDA:23,1,1,2
BRF:3
BRH:2
end_of_record
TN:
SF:src/components/dogListItem/index.js
FN:5,(anonymous_0)
FNF:1
FNH:1
FNDA:3,(anonymous_0)
DA:5,5
DA:15,3
DA:16,3
DA:50,5
LF:4
LH:4
BRDA:5,0,0,0
BRDA:23,1,0,3
BRDA:23,1,1,3
BRDA:28,2,0,3
BRDA:28,2,1,0
BRF:5
BRH:3
end_of_record
TN:
SF:src/components/getImage/api.js
FN:3,(anonymous_0)
FN:9,(anonymous_1)
FNF:2
FNH:0
FNDA:0,(anonymous_0)
FNDA:0,(anonymous_1)
DA:3,5
DA:4,0
DA:10,0
DA:11,0
LF:4
LH:1
BRDA:10,0,0,0
BRDA:10,0,1,0
BRF:2
BRH:0
end_of_record
TN:
SF:src/components/getImage/index.js
FN:12,(anonymous_0)
FN:16,(anonymous_1)
FN:19,(anonymous_2)
FN:23,(anonymous_3)
FN:30,(anonymous_4)
FNF:5
FNH:1
FNDA:3,(anonymous_0)
FNDA:0,(anonymous_1)
FNDA:0,(anonymous_2)
FNDA:0,(anonymous_3)
FNDA:0,(anonymous_4)
DA:12,5
DA:13,3
DA:14,3
DA:16,3
DA:17,0
DA:18,0
DA:20,0
DA:21,0
DA:24,0
DA:25,0
DA:30,3
DA:31,0
DA:32,0
DA:35,3
DA:52,5
LF:15
LH:7
BRDA:37,0,0,0
BRDA:37,0,1,3
BRF:2
BRH:1
end_of_record
TN:
SF:src/components/listHeader/index.js
FN:15,(anonymous_0)
FN:22,(anonymous_1)
FN:61,(anonymous_2)
FN:69,(anonymous_3)
FNF:4
FNH:2
FNDA:3,(anonymous_0)
FNDA:0,(anonymous_1)
FNDA:6,(anonymous_2)
FNDA:0,(anonymous_3)
DA:15,4
DA:19,3
DA:20,3
DA:22,3
DA:23,0
DA:24,0
DA:25,0
DA:34,0
DA:35,0
DA:36,0
DA:45,0
DA:46,0
DA:47,0
DA:59,3
DA:62,6
DA:69,0
DA:78,4
LF:17
LH:7
BRDA:15,0,0,0
BRDA:23,1,0,0
BRDA:23,1,1,0
BRDA:24,2,0,0
BRDA:24,2,1,0
BRDA:25,3,0,0
BRDA:25,3,1,0
BRDA:34,4,0,0
BRDA:34,4,1,0
BRDA:36,5,0,0
BRDA:36,5,1,0
BRDA:45,6,0,0
BRDA:45,6,1,0
BRDA:47,7,0,0
BRDA:47,7,1,0
BRDA:65,8,0,3
BRDA:65,8,1,3
BRDA:66,9,0,6
BRDA:66,9,1,3
BRF:19
BRH:4
end_of_record
TN:
SF:src/components/loader/index.js
FN:4,(anonymous_0)
FNF:1
FNH:1
FNDA:1,(anonymous_0)
DA:4,6
DA:5,1
DA:10,6
LF:3
LH:3
BRDA:4,0,0,1
BRDA:4,1,0,1
BRF:2
BRH:2
end_of_record
TN:
SF:src/components/noData/index.js
FN:4,(anonymous_0)
FNF:1
FNH:1
FNDA:3,(anonymous_0)
DA:4,5
DA:5,3
LF:2
LH:2
BRF:0
BRH:0
end_of_record
TN:
SF:src/components/searchBox/index.js
FN:4,(anonymous_0)
FN:20,(anonymous_1)
FNF:2
FNH:1
FNDA:3,(anonymous_0)
FNDA:0,(anonymous_1)
DA:4,4
DA:12,3
DA:20,0
DA:26,4
LF:4
LH:3
BRDA:5,0,0,3
BRDA:6,1,0,3
BRDA:7,2,0,3
BRDA:8,3,0,3
BRDA:9,4,0,3
BRF:5
BRH:5
end_of_record
TN:
SF:src/constants/index.js
FNF:0
FNH:0
DA:1,5
DA:3,5
DA:4,5
DA:5,5
DA:7,5
LF:5
LH:5
BRF:0
BRH:0
end_of_record
TN:
SF:src/container/dogSearch/index.js
FN:10,(anonymous_0)
FN:18,(anonymous_1)
FN:27,(anonymous_2)
FN:28,(anonymous_3)
FN:32,(anonymous_4)
FNF:5
FNH:1
FNDA:4,(anonymous_0)
FNDA:0,(anonymous_1)
FNDA:0,(anonymous_2)
FNDA:0,(anonymous_3)
FNDA:0,(anonymous_4)
DA:10,3
DA:14,4
DA:16,2
DA:18,2
DA:19,0
DA:20,0
DA:27,0
DA:29,0
DA:30,0
DA:33,0
DA:34,0
DA:39,2
DA:41,2
LF:13
LH:6
BRDA:44,0,0,2
BRDA:44,0,1,0
BRF:2
BRH:1
end_of_record
TN:
SF:src/context/dogContext.js
FN:13,(anonymous_0)
FNF:1
FNH:1
FNDA:7,(anonymous_0)
DA:6,5
DA:8,5
DA:13,7
LF:3
LH:3
BRF:0
BRH:0
end_of_record
TN:
SF:src/context/index.js
FN:13,(anonymous_0)
FN:59,(anonymous_1)
FN:62,(anonymous_2)
FNF:3
FNH:1
FNDA:0,(anonymous_0)
FNDA:4,(anonymous_1)
FNDA:0,(anonymous_2)
DA:6,5
DA:13,5
DA:14,0
DA:59,5
DA:60,4
DA:62,4
DA:63,0
DA:66,4
LF:8
LH:6
BRDA:14,0,0,0
BRDA:14,0,1,0
BRF:2
BRH:0
end_of_record
TN:
SF:src/utils/index.js
FN:1,(anonymous_0)
FN:3,(anonymous_1)
FN:6,(anonymous_2)
FN:13,(anonymous_3)
FN:14,(anonymous_4)
FN:16,(anonymous_5)
FN:17,(anonymous_6)
FN:19,(anonymous_7)
FN:20,(anonymous_8)
FN:29,(anonymous_9)
FN:30,(anonymous_10)
FN:38,(anonymous_11)
FN:40,(anonymous_12)
FNF:13
FNH:3
FNDA:3,(anonymous_0)
FNDA:100,(anonymous_1)
FNDA:1,(anonymous_2)
FNDA:0,(anonymous_3)
FNDA:0,(anonymous_4)
FNDA:0,(anonymous_5)
FNDA:0,(anonymous_6)
FNDA:0,(anonymous_7)
FNDA:0,(anonymous_8)
FNDA:0,(anonymous_9)
FNDA:0,(anonymous_10)
FNDA:0,(anonymous_11)
FNDA:0,(anonymous_12)
DA:1,4
DA:3,3
DA:4,100
DA:5,100
DA:6,100
DA:7,1
DA:8,1
DA:13,4
DA:14,0
DA:16,4
DA:17,0
DA:19,4
DA:20,0
DA:21,0
DA:23,0
DA:24,0
DA:25,0
DA:29,4
DA:30,0
DA:31,0
DA:32,0
DA:33,0
DA:34,0
DA:38,4
DA:39,0
DA:48,0
LF:26
LH:12
BRDA:1,0,0,2
BRDA:5,1,0,99
BRDA:5,1,1,1
BRDA:14,2,0,0
BRDA:14,2,1,0
BRDA:17,3,0,0
BRDA:17,3,1,0
BRDA:25,4,0,0
BRDA:25,4,1,0
BRDA:34,5,0,0
BRDA:34,5,1,0
BRF:11
BRH:3
end_of_record
